<?xml version="1.0" encoding="UTF-8"?>
<!-- Generated by org.testng.reporters.JUnitReportReporter -->
<testsuite skipped="0" hostname="siva-PC" name="testNGPkg.TestNGClass" tests="3" failures="0" timestamp="02 Nov 2017 17:17:53 GMT" time="0.005" errors="0">
  <testcase name="test1" time="0.002" classname="testNGPkg.TestNGClass"/>
  <testcase name="test3" time="0.001" classname="testNGPkg.TestNGClass"/>
  <testcase name="test4" time="0.002" classname="testNGPkg.TestNGClass"/>
</testsuite> <!-- testNGPkg.TestNGClass -->
