<?xml version="1.0" encoding="UTF-8"?>
<!-- Generated by org.testng.reporters.JUnitReportReporter -->
<testsuite skipped="0" hostname="siva-PC" name="testNGPkg.TestNGClass" tests="4" failures="0" timestamp="01 Nov 2017 13:48:53 GMT" time="0.008" errors="0">
  <testcase name="test1" time="0.003" classname="testNGPkg.TestNGClass"/>
  <testcase name="test2" time="0.001" classname="testNGPkg.TestNGClass"/>
  <testcase name="test3" time="0.003" classname="testNGPkg.TestNGClass"/>
  <testcase name="test4" time="0.001" classname="testNGPkg.TestNGClass"/>
</testsuite> <!-- testNGPkg.TestNGClass -->
